Arguments: 
  /usr/bin/node /usr/local/bin/yarn install

PATH: 
  /home/johnsontavares/.local/bin:/home/johnsontavares/bin:/usr/local/sbin:/usr/local/bin:/usr/sbin:/usr/bin:/sbin:/bin:/usr/games:/usr/local/games:/snap/bin:/home/johnsontavares/Android/Sdk/emulator:/home/johnsontavares/Android/Sdk/tools:/home/johnsontavares/Android/Sdk/tools/bin:/home/johnsontavares/Android/Sdk/platform-tools:/home/johnsontavares/android-studio/bin:/home/johnsontavares/Android/Sdk/emulator:/home/johnsontavares/Android/Sdk/tools:/home/johnsontavares/Android/Sdk/tools/bin:/home/johnsontavares/Android/Sdk/platform-tools:/home/johnsontavares/android-studio/bin

Yarn version: 
  1.22.10

Node version: 
  14.16.1

Platform: 
  linux x64

Trace: 
  TypeError [ERR_INVALID_ARG_TYPE]: The "path" argument must be of type string. Received [Object: null prototype]
      at validateString (internal/validators.js:124:11)
      at Object.isAbsolute (path.js:1029:5)
      at module.exports.exports.default (/usr/local/lib/node_modules/yarn/lib/cli.js:100584:16)
      at /usr/local/lib/node_modules/yarn/lib/cli.js:51525:63
      at Generator.next (<anonymous>)
      at step (/usr/local/lib/node_modules/yarn/lib/cli.js:310:30)
      at /usr/local/lib/node_modules/yarn/lib/cli.js:321:13

npm manifest: 
  {
    "name": "projeto",
    "version": "1.0.0",
    "main": "index.js",
    "license": "MIT",
    "dependencies": {
      "cors": "^2.8.5",
      "express": "^4.17.1",
      "pg": "^8.5.1",
      "reflect-metadata": "^0.1.13",
      "typeorm": "^0.2.30"
    },
    "scripts": {
      "build": "tsc",
      "dev:server": "ts-node-dev --transpile-only --ignore-watch node_modules src/app.ts"
    },
    "devDependencies": {
      "@types/cors": "^2.8.10",
      "@types/express": "^4.17.8",
      "ts-node-dev": "^1.1.6",
      "typescript": "^4.2.3",
      "resolutions": {
        "chokidar": "^3.4.0"
      }
    }
  }

yarn manifest: 
  No manifest

Lockfile: 
  No lockfile
